<?xml version="1.0" encoding="UTF-8"?>
<!-- Generated by org.testng.reporters.JUnitReportReporter -->
<testsuite hostname="LAPTOP-V6S95739" failures="0" tests="1" name="Web.TestPages.QAAutomationTest" time="18.101" errors="0" timestamp="2022-12-24T19:12:24 EST" skipped="0">
  <testcase classname="Web.TestPages.QAAutomationTest" name="Validate_HomePageData" time="18.101"/>
  <system-out/>
</testsuite> <!-- Web.TestPages.QAAutomationTest -->
